<?xml version="1.0" encoding="utf-8"?><testsuites name="pytest tests"><testsuite name="pytest" errors="0" failures="0" skipped="0" tests="22" time="4.303" timestamp="2026-06-03T06:23:23.210805+00:00" hostname="agent-env-9605bbd3-008e-40f5-b272-c869384feb0f"><testcase classname="backend.tests.test_iteration17_today_features" name="test_widget_config_cors" time="0.543" /><testcase classname="backend.tests.test_iteration17_today_features" name="test_widget_lead_submit_cors" time="0.120" /><testcase classname="backend.tests.test_iteration17_today_features" name="test_widget_layout_valid" time="0.148" /><testcase classname="backend.tests.test_iteration17_today_features" name="test_widget_layout_invalid" time="0.048" /><testcase classname="backend.tests.test_iteration17_today_features" name="test_widget_layout_rbac" time="0.378" /><testcase classname="backend.tests.test_iteration17_today_features" name="test_funnel_5_stages" time="0.057" /><testcase classname="backend.tests.test_iteration17_today_features" name="test_avatar_upload_success" time="0.850" /><testcase classname="backend.tests.test_iteration17_today_features" name="test_avatar_invalid_mime" time="0.046" /><testcase classname="backend.tests.test_iteration17_today_features" name="test_avatar_corrupted" time="0.064" /><testcase classname="backend.tests.test_iteration17_today_features" name="test_org_logo_rbac" time="0.049" /><testcase classname="backend.tests.test_iteration17_today_features" name="test_org_logo_admin" time="0.616" /><testcase classname="backend.tests.test_iteration17_today_features" name="test_push_public_key" time="0.049" /><testcase classname="backend.tests.test_iteration17_today_features" name="test_push_subscribe_unsubscribe" time="0.098" /><testcase classname="backend.tests.test_iteration17_today_features" name="test_push_test_endpoint" time="0.056" /><testcase classname="backend.tests.test_iteration17_today_features" name="test_notifications_list" time="0.050" /><testcase classname="backend.tests.test_iteration17_today_features" name="test_notifications_unread_count" time="0.047" /><testcase classname="backend.tests.test_iteration17_today_features" name="test_notifications_mark_all_read" time="0.049" /><testcase classname="backend.tests.test_iteration17_today_features" name="test_attachment_upload_and_download" time="0.449" /><testcase classname="backend.tests.test_iteration17_today_features" name="test_attachment_invalid_event" time="0.081" /><testcase classname="backend.tests.test_iteration17_today_features" name="test_attachment_oversize" time="0.156" /><testcase classname="backend.tests.test_iteration17_today_features" name="test_attachment_wrong_mime" time="0.049" /><testcase classname="backend.tests.test_iteration17_today_features" name="test_edit_demo_flow" time="0.206" /></testsuite></testsuites>