<?xml version="1.0" encoding="utf-8"?><testsuites name="pytest tests"><testsuite name="pytest" errors="0" failures="0" skipped="0" tests="79" time="22.624" timestamp="2026-05-31T10:33:42.804486+00:00" hostname="agent-env-9605bbd3-008e-40f5-b272-c869384feb0f"><testcase classname="backend.tests.test_services_phase6.TestServicesSeeded" name="test_list_services_returns_seeded_five" time="0.543" /><testcase classname="backend.tests.test_services_phase6.TestServicesSeeded" name="test_list_services_include_inactive" time="0.513" /><testcase classname="backend.tests.test_services_phase6.TestServicesRBAC" name="test_create_service_as_manager_succeeds" time="0.095" /><testcase classname="backend.tests.test_services_phase6.TestServicesRBAC" name="test_create_service_as_org_admin_succeeds" time="0.095" /><testcase classname="backend.tests.test_services_phase6.TestServicesRBAC" name="test_create_service_counselor_forbidden" time="0.373" /><testcase classname="backend.tests.test_services_phase6.TestServicesRBAC" name="test_create_service_telecaller_forbidden" time="0.373" /><testcase classname="backend.tests.test_services_phase6.TestServicesValidation" name="test_create_rejects_min_above_base" time="0.044" /><testcase classname="backend.tests.test_services_phase6.TestServicesValidation" name="test_update_rejects_min_above_existing_base" time="0.221" /><testcase classname="backend.tests.test_services_phase6.TestServicesValidation" name="test_delete_service" time="0.139" /><testcase classname="backend.tests.test_services_phase6.TestServicesValidation" name="test_delete_cross_org_404" time="0.462" /><testcase classname="backend.tests.test_services_phase6.TestAdmissionsWithService" name="test_admission_with_service_above_min_succeeds" time="0.189" /><testcase classname="backend.tests.test_services_phase6.TestAdmissionsWithService" name="test_admission_below_min_blocked" time="0.093" /><testcase classname="backend.tests.test_services_phase6.TestAdmissionsWithService" name="test_admission_without_service_id_succeeds" time="0.048" /><testcase classname="backend.tests.test_services_phase6.TestAdmissionsWithService" name="test_admission_invalid_service_id_404" time="0.049" /><testcase classname="backend.tests.test_services_phase6.TestVoiceUploadLimits" name="test_4mb_audio_succeeds" time="1.395" /><testcase classname="backend.tests.test_services_phase6.TestVoiceUploadLimits" name="test_5_5mb_rejected" time="0.227" /><testcase classname="backend.tests.test_services_phase6.TestVoiceUploadLimits" name="test_duration_200s_succeeds" time="0.669" /><testcase classname="backend.tests.test_services_phase6.TestVoiceUploadLimits" name="test_duration_320s_rejected" time="0.047" /><testcase classname="backend.tests.test_services_phase6.TestRegisterSeedsRealEstateServices" name="test_new_real_estate_org_has_5_services" time="0.735" /><testcase classname="backend.tests.test_lead_360.TestDuplicatePrevention" name="test_create_lead_succeeds_and_logs_lead_created" time="0.433" /><testcase classname="backend.tests.test_lead_360.TestDuplicatePrevention" name="test_duplicate_by_mobile_blocks_409" time="0.096" /><testcase classname="backend.tests.test_lead_360.TestDuplicatePrevention" name="test_duplicate_by_email_blocks_409" time="0.096" /><testcase classname="backend.tests.test_lead_360.TestDuplicatePrevention" name="test_check_duplicate_by_mobile" time="0.103" /><testcase classname="backend.tests.test_lead_360.TestDuplicatePrevention" name="test_check_duplicate_no_match" time="0.047" /><testcase classname="backend.tests.test_lead_360.TestDuplicatePrevention" name="test_check_duplicate_no_params" time="0.049" /><testcase classname="backend.tests.test_lead_360.TestLeadTimelineUpdates" name="test_status_change_logs_status_changed" time="0.146" /><testcase classname="backend.tests.test_lead_360.TestLeadTimelineUpdates" name="test_status_lost_logs_lead_lost" time="0.150" /><testcase classname="backend.tests.test_lead_360.TestLeadTimelineUpdates" name="test_status_admission_done_via_put_logs_admission_recorded" time="0.154" /><testcase classname="backend.tests.test_lead_360.TestLeadTimelineUpdates" name="test_assigned_to_change_logs_assigned" time="0.209" /><testcase classname="backend.tests.test_lead_360.TestLeadTransfer" name="test_manager_can_transfer_and_logs_event" time="0.471" /><testcase classname="backend.tests.test_lead_360.TestLeadTransfer" name="test_counselor_cannot_transfer_403" time="0.425" /><testcase classname="backend.tests.test_lead_360.TestLeadTransfer" name="test_telecaller_cannot_transfer_403" time="0.417" /><testcase classname="backend.tests.test_lead_360.TestLeadTransfer" name="test_transfer_invalid_assignee_returns_400" time="0.098" /><testcase classname="backend.tests.test_lead_360.TestTimelineTenantIsolation" name="test_cross_org_timeline_access_returns_404" time="0.420" /><testcase classname="backend.tests.test_lead_360.TestFollowupsVoice" name="test_followup_with_voice_logs_timeline" time="0.141" /><testcase classname="backend.tests.test_lead_360.TestVoiceUpload" name="test_counselor_upload_small_audio_succeeds" time="0.593" /><testcase classname="backend.tests.test_lead_360.TestVoiceUpload" name="test_super_admin_upload_succeeds" time="0.772" /><testcase classname="backend.tests.test_lead_360.TestVoiceUpload" name="test_oversize_rejected" time="0.290" /><testcase classname="backend.tests.test_lead_360.TestVoiceUpload" name="test_duration_over_cap_rejected" time="0.045" /><testcase classname="backend.tests.test_lead_360.TestVoiceUpload" name="test_disallowed_mime_rejected" time="0.073" /><testcase classname="backend.tests.test_lead_360.TestAdmissionTimeline" name="test_admission_logs_admission_recorded" time="0.147" /><testcase classname="backend.tests.test_lead_360.TestRegression" name="test_support_tickets_list" time="0.050" /><testcase classname="backend.tests.test_lead_360.TestRegression" name="test_dashboard_funnel" time="0.051" /><testcase classname="backend.tests.test_multi_industry.TestIndustriesCatalog" name="test_list_industries_returns_nine" time="0.129" /><testcase classname="backend.tests.test_multi_industry.TestIndustriesCatalog" name="test_get_industry_healthcare_terms_and_sources" time="0.103" /><testcase classname="backend.tests.test_multi_industry.TestIndustriesCatalog" name="test_get_industry_invalid_returns_404" time="0.103" /><testcase classname="backend.tests.test_multi_industry.TestRegisterWithIndustry" name="test_register_real_estate" time="0.332" /><testcase classname="backend.tests.test_multi_industry.TestRegisterWithIndustry" name="test_register_healthcare_lead_term_is_inquiry" time="0.336" /><testcase classname="backend.tests.test_multi_industry.TestRegisterWithIndustry" name="test_register_unsupported_industry_falls_back_to_generic" time="0.330" /><testcase classname="backend.tests.test_multi_industry.TestRegisterWithIndustry" name="test_register_omitted_industry_defaults_to_education" time="0.329" /><testcase classname="backend.tests.test_multi_industry.TestRegisterWithIndustry" name="test_register_seeds_default_lead_sources" time="0.698" /><testcase classname="backend.tests.test_multi_industry.TestAuthPayload" name="test_login_demo_admin_returns_industry_education" time="0.324" /><testcase classname="backend.tests.test_multi_industry.TestAuthPayload" name="test_me_returns_industry_and_terminology" time="0.382" /><testcase classname="backend.tests.test_multi_industry.TestSwitchIndustry" name="test_org_admin_can_switch_industry" time="0.427" /><testcase classname="backend.tests.test_multi_industry.TestSwitchIndustry" name="test_counselor_cannot_switch_industry" time="0.377" /><testcase classname="backend.tests.test_multi_industry.TestSwitchIndustry" name="test_telecaller_cannot_switch_industry" time="0.373" /><testcase classname="backend.tests.test_multi_industry.TestFunnelTerminology" name="test_education_funnel_last_stage_is_enrolled" time="0.381" /><testcase classname="backend.tests.test_multi_industry.TestRegression" name="test_support_tickets_list" time="0.366" /><testcase classname="backend.tests.test_multi_industry.TestRegression" name="test_dashboard_stats" time="0.376" /><testcase classname="backend.tests.test_multi_industry.TestRegression" name="test_create_lead_still_works" time="0.491" /><testcase classname="backend.tests.test_support_tickets.TestAttachmentUpload" name="test_upload_valid_small_jpg" time="2.233" /><testcase classname="backend.tests.test_support_tickets.TestAttachmentUpload" name="test_reject_oversize_file" time="0.094" /><testcase classname="backend.tests.test_support_tickets.TestAttachmentUpload" name="test_reject_invalid_mime" time="0.045" /><testcase classname="backend.tests.test_support_tickets.TestTicketCreateAndVisibility" name="test_create_ticket_counselor" time="0.046" /><testcase classname="backend.tests.test_support_tickets.TestTicketCreateAndVisibility" name="test_create_ticket_telecaller" time="0.047" /><testcase classname="backend.tests.test_support_tickets.TestTicketCreateAndVisibility" name="test_create_ticket_rejects_more_than_5_attachments" time="0.051" /><testcase classname="backend.tests.test_support_tickets.TestTicketCreateAndVisibility" name="test_list_visibility_counselor_sees_only_own" time="0.349" /><testcase classname="backend.tests.test_support_tickets.TestTicketCreateAndVisibility" name="test_list_visibility_telecaller_sees_only_own" time="0.048" /><testcase classname="backend.tests.test_support_tickets.TestTicketCreateAndVisibility" name="test_list_visibility_manager_sees_only_own" time="0.051" /><testcase classname="backend.tests.test_support_tickets.TestTicketCreateAndVisibility" name="test_list_visibility_orgadmin_sees_all_in_org" time="0.053" /><testcase classname="backend.tests.test_support_tickets.TestTicketCreateAndVisibility" name="test_list_visibility_super_admin_sees_all" time="0.050" /><testcase classname="backend.tests.test_support_tickets.TestTicketCreateAndVisibility" name="test_get_ticket_counselor_cannot_access_telecaller_ticket" time="0.045" /><testcase classname="backend.tests.test_support_tickets.TestTicketCreateAndVisibility" name="test_get_ticket_orgadmin_can_access_any_ticket_in_org" time="0.052" /><testcase classname="backend.tests.test_support_tickets.TestReplyAndNotifications" name="test_orgadmin_reply_creates_notification_for_counselor" time="0.149" /><testcase classname="backend.tests.test_support_tickets.TestReplyAndNotifications" name="test_counselor_self_reply_does_not_create_notification" time="0.146" /><testcase classname="backend.tests.test_support_tickets.TestReplyAndNotifications" name="test_status_change_resolved_creates_notification" time="0.205" /><testcase classname="backend.tests.test_support_tickets.TestDeleteReply" name="test_counselor_cannot_delete_reply" time="0.096" /><testcase classname="backend.tests.test_support_tickets.TestDeleteReply" name="test_orgadmin_cannot_delete_reply" time="0.099" /><testcase classname="backend.tests.test_support_tickets.TestDeleteReply" name="test_super_admin_can_delete_reply" time="0.925" /></testsuite></testsuites>