<?xml version="1.0" encoding="utf-8"?><testsuites name="pytest tests"><testsuite name="pytest" errors="0" failures="0" skipped="0" tests="24" time="6.567" timestamp="2026-05-31T10:09:11.885590+00:00" hostname="agent-env-9605bbd3-008e-40f5-b272-c869384feb0f"><testcase classname="backend.tests.test_lead_360.TestDuplicatePrevention" name="test_create_lead_succeeds_and_logs_lead_created" time="0.523" /><testcase classname="backend.tests.test_lead_360.TestDuplicatePrevention" name="test_duplicate_by_mobile_blocks_409" time="0.097" /><testcase classname="backend.tests.test_lead_360.TestDuplicatePrevention" name="test_duplicate_by_email_blocks_409" time="0.097" /><testcase classname="backend.tests.test_lead_360.TestDuplicatePrevention" name="test_check_duplicate_by_mobile" time="0.098" /><testcase classname="backend.tests.test_lead_360.TestDuplicatePrevention" name="test_check_duplicate_no_match" time="0.070" /><testcase classname="backend.tests.test_lead_360.TestDuplicatePrevention" name="test_check_duplicate_no_params" time="0.046" /><testcase classname="backend.tests.test_lead_360.TestLeadTimelineUpdates" name="test_status_change_logs_status_changed" time="0.148" /><testcase classname="backend.tests.test_lead_360.TestLeadTimelineUpdates" name="test_status_lost_logs_lead_lost" time="0.147" /><testcase classname="backend.tests.test_lead_360.TestLeadTimelineUpdates" name="test_status_admission_done_via_put_logs_admission_recorded" time="0.149" /><testcase classname="backend.tests.test_lead_360.TestLeadTimelineUpdates" name="test_assigned_to_change_logs_assigned" time="0.204" /><testcase classname="backend.tests.test_lead_360.TestLeadTransfer" name="test_manager_can_transfer_and_logs_event" time="0.517" /><testcase classname="backend.tests.test_lead_360.TestLeadTransfer" name="test_counselor_cannot_transfer_403" time="0.439" /><testcase classname="backend.tests.test_lead_360.TestLeadTransfer" name="test_telecaller_cannot_transfer_403" time="0.434" /><testcase classname="backend.tests.test_lead_360.TestLeadTransfer" name="test_transfer_invalid_assignee_returns_400" time="0.125" /><testcase classname="backend.tests.test_lead_360.TestTimelineTenantIsolation" name="test_cross_org_timeline_access_returns_404" time="0.428" /><testcase classname="backend.tests.test_lead_360.TestFollowupsVoice" name="test_followup_with_voice_logs_timeline" time="0.151" /><testcase classname="backend.tests.test_lead_360.TestVoiceUpload" name="test_counselor_upload_small_audio_succeeds" time="0.841" /><testcase classname="backend.tests.test_lead_360.TestVoiceUpload" name="test_super_admin_upload_succeeds" time="0.635" /><testcase classname="backend.tests.test_lead_360.TestVoiceUpload" name="test_oversize_4mb_rejected" time="0.253" /><testcase classname="backend.tests.test_lead_360.TestVoiceUpload" name="test_duration_over_180_rejected" time="0.049" /><testcase classname="backend.tests.test_lead_360.TestVoiceUpload" name="test_disallowed_mime_rejected" time="0.051" /><testcase classname="backend.tests.test_lead_360.TestAdmissionTimeline" name="test_admission_logs_admission_recorded" time="0.146" /><testcase classname="backend.tests.test_lead_360.TestRegression" name="test_support_tickets_list" time="0.049" /><testcase classname="backend.tests.test_lead_360.TestRegression" name="test_dashboard_funnel" time="0.766" /></testsuite></testsuites>