<?xml version="1.0" encoding="utf-8"?><testsuites name="pytest tests"><testsuite name="pytest" errors="0" failures="0" skipped="0" tests="17" time="3.014" timestamp="2026-05-31T14:21:29.182647+00:00" hostname="agent-env-9605bbd3-008e-40f5-b272-c869384feb0f"><testcase classname="backend.tests.test_lead_capture_sources.TestFormConfig" name="test_form_config_requires_auth" time="0.194" /><testcase classname="backend.tests.test_lead_capture_sources.TestFormConfig" name="test_form_config_returns_industry_and_fields" time="0.400" /><testcase classname="backend.tests.test_lead_capture_sources.TestCsvSample" name="test_csv_sample_has_12_columns" time="0.054" /><testcase classname="backend.tests.test_lead_capture_sources.TestCsvImport" name="test_import_csv_persists_extras_and_skips_invalid" time="0.176" /><testcase classname="backend.tests.test_lead_capture_sources.TestManualCreate" name="test_manual_create_persists_extras" time="0.121" /><testcase classname="backend.tests.test_lead_capture_sources.TestFacebookWebhook" name="test_verify_returns_challenge_on_correct_token" time="0.110" /><testcase classname="backend.tests.test_lead_capture_sources.TestFacebookWebhook" name="test_verify_403_on_wrong_token" time="0.106" /><testcase classname="backend.tests.test_lead_capture_sources.TestFacebookWebhook" name="test_webhook_bad_signature_returns_401" time="0.103" /><testcase classname="backend.tests.test_lead_capture_sources.TestFacebookWebhook" name="test_webhook_correct_signature_returns_ok_idempotent" time="0.559" /><testcase classname="backend.tests.test_lead_capture_sources.TestFacebookWebhook" name="test_webhook_unknown_page_id_ignored" time="0.110" /><testcase classname="backend.tests.test_lead_capture_sources.TestGoogleAdsWebhook" name="test_wrong_key_returns_401" time="0.168" /><testcase classname="backend.tests.test_lead_capture_sources.TestGoogleAdsWebhook" name="test_unknown_tenant_returns_404" time="0.133" /><testcase classname="backend.tests.test_lead_capture_sources.TestGoogleAdsWebhook" name="test_flat_payload_creates_lead" time="0.266" /><testcase classname="backend.tests.test_lead_capture_sources.TestGoogleAdsWebhook" name="test_native_user_column_data_creates_lead" time="0.164" /><testcase classname="backend.tests.test_lead_capture_sources.TestGoogleAdsWebhook" name="test_missing_name_or_mobile_returns_400" time="0.134" /><testcase classname="backend.tests.test_lead_capture_sources.TestLeadListingRegression" name="test_list_leads_still_works" time="0.058" /><testcase classname="backend.tests.test_lead_capture_sources.TestLeadListingRegression" name="test_subscription_status_regression" time="0.059" /></testsuite></testsuites>