<?xml version="1.0" encoding="utf-8"?><testsuites name="pytest tests"><testsuite name="pytest" errors="0" failures="0" skipped="0" tests="18" time="6.151" timestamp="2026-06-01T05:46:48.799669+00:00" hostname="agent-env-9605bbd3-008e-40f5-b272-c869384feb0f"><testcase classname="backend.tests.test_iteration13_pagination_avatar.TestLeadsPagination" name="test_paginated_shape" time="1.073" /><testcase classname="backend.tests.test_iteration13_pagination_avatar.TestLeadsPagination" name="test_pagination_page_traversal" time="0.209" /><testcase classname="backend.tests.test_iteration13_pagination_avatar.TestLeadsPagination" name="test_filter_status_new" time="0.104" /><testcase classname="backend.tests.test_iteration13_pagination_avatar.TestLeadsPagination" name="test_search_filter" time="0.110" /><testcase classname="backend.tests.test_iteration13_pagination_avatar.TestLeadsPagination" name="test_counselor_rbac_scope" time="0.525" /><testcase classname="backend.tests.test_iteration13_pagination_avatar.TestFollowupsPagination" name="test_paginated_shape" time="0.419" /><testcase classname="backend.tests.test_iteration13_pagination_avatar.TestFollowupsPagination" name="test_filter_today" time="0.100" /><testcase classname="backend.tests.test_iteration13_pagination_avatar.TestFollowupsPagination" name="test_filter_upcoming" time="0.118" /><testcase classname="backend.tests.test_iteration13_pagination_avatar.TestFollowupsPagination" name="test_filter_missed" time="0.103" /><testcase classname="backend.tests.test_iteration13_pagination_avatar.TestUsersMeRouteOrdering" name="test_update_name_and_mobile" time="0.423" /><testcase classname="backend.tests.test_iteration13_pagination_avatar.TestUsersMeRouteOrdering" name="test_route_order_me_not_treated_as_user_id" time="0.229" /><testcase classname="backend.tests.test_iteration13_pagination_avatar.TestUsersMeRouteOrdering" name="test_empty_name_rejected" time="0.099" /><testcase classname="backend.tests.test_iteration13_pagination_avatar.TestUsersMeRouteOrdering" name="test_long_name_rejected" time="0.098" /><testcase classname="backend.tests.test_iteration13_pagination_avatar.TestUsersMeRouteOrdering" name="test_no_fields_rejected" time="0.100" /><testcase classname="backend.tests.test_iteration13_pagination_avatar.TestAvatarUpload" name="test_upload_rejects_pdf" time="0.112" /><testcase classname="backend.tests.test_iteration13_pagination_avatar.TestAvatarUpload" name="test_upload_rejects_oversized" time="0.213" /><testcase classname="backend.tests.test_iteration13_pagination_avatar.TestAvatarUpload" name="test_upload_png_success_and_me_reflects" time="0.947" /><testcase classname="backend.tests.test_iteration13_pagination_avatar.TestAvatarUpload" name="test_delete_avatar_clears_field" time="1.074" /></testsuite></testsuites>