<?xml version="1.0" encoding="utf-8"?><testsuites name="pytest tests"><testsuite name="pytest" errors="0" failures="0" skipped="0" tests="4" time="1.233" timestamp="2026-06-01T02:57:51.880548+00:00" hostname="agent-env-9605bbd3-008e-40f5-b272-c869384feb0f"><testcase classname="tests.test_iteration11_security.TestForgotPasswordNoLeak" name="test_generic_response_for_existing_email" time="0.193" /><testcase classname="tests.test_iteration11_security.TestForgotPasswordNoLeak" name="test_generic_response_for_unknown_email" time="0.228" /><testcase classname="tests.test_iteration11_security.TestAuthRateLimits" name="test_forgot_password_rate_limit_3_per_minute" time="0.651" /><testcase classname="tests.test_iteration11_security.TestRazorpayWebhook" name="test_bad_signature_returns_400" time="0.100" /></testsuite></testsuites>