<?xml version="1.0" encoding="utf-8"?><testsuites name="pytest tests"><testsuite name="pytest" errors="0" failures="0" skipped="0" tests="19" time="4.857" timestamp="2026-05-31T09:19:18.735005+00:00" hostname="agent-env-9605bbd3-008e-40f5-b272-c869384feb0f"><testcase classname="backend.tests.test_support_tickets.TestAttachmentUpload" name="test_upload_valid_small_jpg" time="3.039" /><testcase classname="backend.tests.test_support_tickets.TestAttachmentUpload" name="test_reject_oversize_file" time="0.111" /><testcase classname="backend.tests.test_support_tickets.TestAttachmentUpload" name="test_reject_invalid_mime" time="0.048" /><testcase classname="backend.tests.test_support_tickets.TestTicketCreateAndVisibility" name="test_create_ticket_counselor" time="0.062" /><testcase classname="backend.tests.test_support_tickets.TestTicketCreateAndVisibility" name="test_create_ticket_telecaller" time="0.048" /><testcase classname="backend.tests.test_support_tickets.TestTicketCreateAndVisibility" name="test_create_ticket_rejects_more_than_5_attachments" time="0.055" /><testcase classname="backend.tests.test_support_tickets.TestTicketCreateAndVisibility" name="test_list_visibility_counselor_sees_only_own" time="0.211" /><testcase classname="backend.tests.test_support_tickets.TestTicketCreateAndVisibility" name="test_list_visibility_telecaller_sees_only_own" time="0.049" /><testcase classname="backend.tests.test_support_tickets.TestTicketCreateAndVisibility" name="test_list_visibility_manager_sees_only_own" time="0.049" /><testcase classname="backend.tests.test_support_tickets.TestTicketCreateAndVisibility" name="test_list_visibility_orgadmin_sees_all_in_org" time="0.049" /><testcase classname="backend.tests.test_support_tickets.TestTicketCreateAndVisibility" name="test_list_visibility_super_admin_sees_all" time="0.051" /><testcase classname="backend.tests.test_support_tickets.TestTicketCreateAndVisibility" name="test_get_ticket_counselor_cannot_access_telecaller_ticket" time="0.047" /><testcase classname="backend.tests.test_support_tickets.TestTicketCreateAndVisibility" name="test_get_ticket_orgadmin_can_access_any_ticket_in_org" time="0.047" /><testcase classname="backend.tests.test_support_tickets.TestReplyAndNotifications" name="test_orgadmin_reply_creates_notification_for_counselor" time="0.170" /><testcase classname="backend.tests.test_support_tickets.TestReplyAndNotifications" name="test_counselor_self_reply_does_not_create_notification" time="0.166" /><testcase classname="backend.tests.test_support_tickets.TestReplyAndNotifications" name="test_status_change_resolved_creates_notification" time="0.199" /><testcase classname="backend.tests.test_support_tickets.TestDeleteReply" name="test_counselor_cannot_delete_reply" time="0.093" /><testcase classname="backend.tests.test_support_tickets.TestDeleteReply" name="test_orgadmin_cannot_delete_reply" time="0.100" /><testcase classname="backend.tests.test_support_tickets.TestDeleteReply" name="test_super_admin_can_delete_reply" time="0.171" /></testsuite></testsuites>