<?xml version="1.0" encoding="utf-8"?><testsuites name="pytest tests"><testsuite name="pytest" errors="0" failures="0" skipped="0" tests="25" time="2.854" timestamp="2026-05-31T14:35:33.013466+00:00" hostname="agent-env-9605bbd3-008e-40f5-b272-c869384feb0f"><testcase classname="backend.tests.test_iteration9_final_qa.TestAuthMe" name="test_me_orgadmin_has_subscription" time="0.456" /><testcase classname="backend.tests.test_iteration9_final_qa.TestAuthMe" name="test_me_super_admin" time="0.376" /><testcase classname="backend.tests.test_iteration9_final_qa.TestAuthMe" name="test_org_subscription_endpoint" time="0.061" /><testcase classname="backend.tests.test_iteration9_final_qa.TestLocations" name="test_states_list" time="0.058" /><testcase classname="backend.tests.test_iteration9_final_qa.TestLocations" name="test_cities_for_west_bengal" time="0.059" /><testcase classname="backend.tests.test_iteration9_final_qa.TestLocations" name="test_cities_for_invalid_state" time="0.054" /><testcase classname="backend.tests.test_iteration9_final_qa.TestPlatformLocations" name="test_super_can_list" time="0.057" /><testcase classname="backend.tests.test_iteration9_final_qa.TestPlatformLocations" name="test_org_admin_blocked" time="0.060" /><testcase classname="backend.tests.test_iteration9_final_qa.TestPlatformLocations" name="test_add_and_delete_city" time="0.107" /><testcase classname="backend.tests.test_iteration9_final_qa.TestLeadWidget" name="test_widget_token" time="0.062" /><testcase classname="backend.tests.test_iteration9_final_qa.TestLeadWidget" name="test_widget_config_public" time="0.114" /><testcase classname="backend.tests.test_iteration9_final_qa.TestLeadWidget" name="test_widget_cities_cascading" time="0.118" /><testcase classname="backend.tests.test_iteration9_final_qa.TestLeadWidget" name="test_widget_lead_submission_public" time="0.156" /><testcase classname="backend.tests.test_iteration9_final_qa.TestWebhookHealth" name="test_stats_orgadmin" time="0.059" /><testcase classname="backend.tests.test_iteration9_final_qa.TestWebhookHealth" name="test_logs_list" time="0.051" /><testcase classname="backend.tests.test_iteration9_final_qa.TestWebhookHealth" name="test_logs_filter_by_source" time="0.050" /><testcase classname="backend.tests.test_iteration9_final_qa.TestWebhookHealth" name="test_log_detail" time="0.050" /><testcase classname="backend.tests.test_iteration9_final_qa.TestWebhookHealth" name="test_counselor_forbidden" time="0.373" /><testcase classname="backend.tests.test_iteration9_final_qa.TestWebhookHealth" name="test_counselor_stats_forbidden" time="0.050" /><testcase classname="backend.tests.test_iteration9_final_qa.TestLeadFormConfig" name="test_form_config" time="0.054" /><testcase classname="backend.tests.test_iteration9_final_qa.TestTenantIsolation" name="test_orgadmin_cannot_see_super_org_leads" time="0.108" /><testcase classname="backend.tests.test_iteration9_final_qa.TestTenantIsolation" name="test_orgadmin_cannot_access_platform_orgs" time="0.057" /><testcase classname="backend.tests.test_iteration9_final_qa.TestRBAC" name="test_counselor_cannot_create_user" time="0.046" /><testcase classname="backend.tests.test_iteration9_final_qa.TestRBAC" name="test_counselor_cannot_list_users" time="0.047" /><testcase classname="backend.tests.test_iteration9_final_qa.TestRBAC" name="test_counselor_can_see_own_leads" time="0.069" /></testsuite></testsuites>