<?xml version="1.0" encoding="utf-8"?><testsuites name="pytest tests"><testsuite name="pytest" errors="0" failures="0" skipped="0" tests="24" time="5.022" timestamp="2026-05-31T12:38:14.493934+00:00" hostname="agent-env-9605bbd3-008e-40f5-b272-c869384feb0f"><testcase classname="backend.tests.test_saas_billing.TestAutoTrialOnRegister" name="test_register_returns_user_and_org" time="0.460" /><testcase classname="backend.tests.test_saas_billing.TestAutoTrialOnRegister" name="test_new_org_subscription_status_is_trial" time="0.480" /><testcase classname="backend.tests.test_saas_billing.TestSubscriptionStatus" name="test_status_for_org_admin_trial" time="0.050" /><testcase classname="backend.tests.test_saas_billing.TestSubscriptionStatus" name="test_status_for_super_admin" time="0.049" /><testcase classname="backend.tests.test_saas_billing.TestSubscriptionStatus" name="test_status_unauthenticated" time="0.103" /><testcase classname="backend.tests.test_saas_billing.TestTrialReport" name="test_super_admin_trial_report" time="0.065" /><testcase classname="backend.tests.test_saas_billing.TestTrialReport" name="test_trial_report_forbidden_for_org_admin" time="0.381" /><testcase classname="backend.tests.test_saas_billing.TestTrialReport" name="test_trial_report_forbidden_for_counselor" time="0.394" /><testcase classname="backend.tests.test_saas_billing.TestAbandonedCarts" name="test_super_admin_can_list" time="0.048" /><testcase classname="backend.tests.test_saas_billing.TestAbandonedCarts" name="test_abandoned_forbidden_for_org_admin" time="0.046" /><testcase classname="backend.tests.test_saas_billing.TestSubscriptionOrders" name="test_super_admin_can_list" time="0.052" /><testcase classname="backend.tests.test_saas_billing.TestSubscriptionOrders" name="test_orders_forbidden_for_org_admin" time="0.050" /><testcase classname="backend.tests.test_saas_billing.TestSubscriptionPlansHasId" name="test_plans_return_id" time="0.099" /><testcase classname="backend.tests.test_saas_billing.TestManualPayment" name="test_manual_payment_records_and_extends" time="0.241" /><testcase classname="backend.tests.test_saas_billing.TestManualPayment" name="test_manual_payment_invalid_plan" time="0.046" /><testcase classname="backend.tests.test_saas_billing.TestManualPayment" name="test_manual_payment_invalid_method" time="0.050" /><testcase classname="backend.tests.test_saas_billing.TestManualPayment" name="test_manual_payment_invalid_cycle" time="0.052" /><testcase classname="backend.tests.test_saas_billing.TestManualPayment" name="test_manual_payment_forbidden_for_org_admin" time="0.050" /><testcase classname="backend.tests.test_saas_billing.TestTenantIsolation" name="test_payment_for_org_x_does_not_affect_org_y" time="1.102" /><testcase classname="backend.tests.test_saas_billing.TestExtendTrial" name="test_extend_trial_by_n_days" time="0.525" /><testcase classname="backend.tests.test_saas_billing.TestExtendTrial" name="test_extend_trial_invalid_days" time="0.096" /><testcase classname="backend.tests.test_saas_billing.TestExtendTrial" name="test_extend_trial_forbidden_for_org_admin" time="0.049" /><testcase classname="backend.tests.test_saas_billing.TestLeadStatuses" name="test_org_admin_demo_has_education_statuses" time="0.047" /><testcase classname="backend.tests.test_saas_billing.TestPlatformCreateOrgAutoTrial" name="test_create_org_via_platform_starts_trial" time="0.379" /></testsuite></testsuites>