<?xml version="1.0" encoding="utf-8"?><testsuites name="pytest tests"><testsuite name="pytest" errors="0" failures="0" skipped="0" tests="17" time="6.441" timestamp="2026-05-31T09:38:41.361772+00:00" hostname="agent-env-9605bbd3-008e-40f5-b272-c869384feb0f"><testcase classname="backend.tests.test_multi_industry.TestIndustriesCatalog" name="test_list_industries_returns_nine" time="0.178" /><testcase classname="backend.tests.test_multi_industry.TestIndustriesCatalog" name="test_get_industry_healthcare_terms_and_sources" time="0.102" /><testcase classname="backend.tests.test_multi_industry.TestIndustriesCatalog" name="test_get_industry_invalid_returns_404" time="0.116" /><testcase classname="backend.tests.test_multi_industry.TestRegisterWithIndustry" name="test_register_real_estate" time="0.336" /><testcase classname="backend.tests.test_multi_industry.TestRegisterWithIndustry" name="test_register_healthcare_lead_term_is_inquiry" time="0.355" /><testcase classname="backend.tests.test_multi_industry.TestRegisterWithIndustry" name="test_register_unsupported_industry_falls_back_to_generic" time="0.322" /><testcase classname="backend.tests.test_multi_industry.TestRegisterWithIndustry" name="test_register_omitted_industry_defaults_to_education" time="0.359" /><testcase classname="backend.tests.test_multi_industry.TestRegisterWithIndustry" name="test_register_seeds_default_lead_sources" time="0.721" /><testcase classname="backend.tests.test_multi_industry.TestAuthPayload" name="test_login_demo_admin_returns_industry_education" time="0.338" /><testcase classname="backend.tests.test_multi_industry.TestAuthPayload" name="test_me_returns_industry_and_terminology" time="0.367" /><testcase classname="backend.tests.test_multi_industry.TestSwitchIndustry" name="test_org_admin_can_switch_industry" time="0.586" /><testcase classname="backend.tests.test_multi_industry.TestSwitchIndustry" name="test_counselor_cannot_switch_industry" time="0.409" /><testcase classname="backend.tests.test_multi_industry.TestSwitchIndustry" name="test_telecaller_cannot_switch_industry" time="0.376" /><testcase classname="backend.tests.test_multi_industry.TestFunnelTerminology" name="test_education_funnel_last_stage_is_enrolled" time="0.376" /><testcase classname="backend.tests.test_multi_industry.TestRegression" name="test_support_tickets_list" time="0.413" /><testcase classname="backend.tests.test_multi_industry.TestRegression" name="test_dashboard_stats" time="0.404" /><testcase classname="backend.tests.test_multi_industry.TestRegression" name="test_create_lead_still_works" time="0.527" /></testsuite></testsuites>