<?xml version="1.0" encoding="utf-8"?><testsuites name="pytest tests"><testsuite name="pytest" errors="0" failures="0" skipped="0" tests="14" time="13.741" timestamp="2026-06-04T09:31:32.092697+00:00" hostname="agent-env-9605bbd3-008e-40f5-b272-c869384feb0f"><testcase classname="backend.tests.test_iteration18_notification_fanout.TestStatusChangeFanout" name="test_status_change_notifies_owner_and_manager_not_actor" time="2.681" /><testcase classname="backend.tests.test_iteration18_notification_fanout.TestCommentFanout" name="test_comment_notifies_owner_and_manager" time="1.396" /><testcase classname="backend.tests.test_iteration18_notification_fanout.TestAttachmentFanout" name="test_attachment_notifies_owner_and_manager" time="2.135" /><testcase classname="backend.tests.test_iteration18_notification_fanout.TestDemoFanout" name="test_demo_create_fanout" time="1.202" /><testcase classname="backend.tests.test_iteration18_notification_fanout.TestDemoFanout" name="test_demo_update_fanout" time="1.403" /><testcase classname="backend.tests.test_iteration18_notification_fanout.TestDemoFanout" name="test_demo_complete_fanout" time="1.403" /><testcase classname="backend.tests.test_iteration18_notification_fanout.TestFollowupFanout" name="test_followup_create_fanout" time="1.203" /><testcase classname="backend.tests.test_iteration18_notification_fanout.TestFollowupFanout" name="test_followup_complete_fanout" time="1.400" /><testcase classname="backend.tests.test_iteration18_notification_fanout.TestActivityFeed" name="test_activity_returns_items_for_manager" time="0.048" /><testcase classname="backend.tests.test_iteration18_notification_fanout.TestActivityFeed" name="test_activity_counselor_scoped_to_own_leads" time="0.115" /><testcase classname="backend.tests.test_iteration18_notification_fanout.TestActivityFeed" name="test_activity_actor_filter" time="0.051" /><testcase classname="backend.tests.test_iteration18_notification_fanout.TestActivityFeed" name="test_activity_event_type_filter" time="0.048" /><testcase classname="backend.tests.test_iteration18_notification_fanout.TestActivityFeed" name="test_activity_days_filter_accepts_int" time="0.072" /><testcase classname="backend.tests.test_iteration18_notification_fanout.TestAuthRefresh" name="test_expired_access_token_triggers_refresh" time="0.492" /></testsuite></testsuites>