<?xml version="1.0" encoding="utf-8"?><testsuites name="pytest tests"><testsuite name="pytest" errors="0" failures="0" skipped="0" tests="20" time="3.516" timestamp="2026-06-01T15:26:34.823371+00:00" hostname="agent-env-9605bbd3-008e-40f5-b272-c869384feb0f"><testcase classname="backend.tests.test_iteration15_industry_statuses" name="test_login_returns_lead_statuses_and_demo_label" time="0.440" /><testcase classname="backend.tests.test_iteration15_industry_statuses.TestOrgLeadStatuses" name="test_get_initial_state" time="0.485" /><testcase classname="backend.tests.test_iteration15_industry_statuses.TestOrgLeadStatuses" name="test_put_custom_statuses_adds_test_custom" time="0.314" /><testcase classname="backend.tests.test_iteration15_industry_statuses.TestOrgLeadStatuses" name="test_put_missing_inuse_status_returns_400" time="0.194" /><testcase classname="backend.tests.test_iteration15_industry_statuses.TestOrgLeadStatuses" name="test_reset_to_defaults" time="0.136" /><testcase classname="backend.tests.test_iteration15_industry_statuses.TestLeadStatusValidation" name="test_create_lead_valid_status" time="0.416" /><testcase classname="backend.tests.test_iteration15_industry_statuses.TestLeadStatusValidation" name="test_create_lead_invalid_status" time="0.057" /><testcase classname="backend.tests.test_iteration15_industry_statuses.TestLeadStatusValidation" name="test_update_lead_invalid_status_then_valid" time="0.119" /><testcase classname="backend.tests.test_iteration15_industry_statuses.TestLeadStatusValidation" name="test_log_call_invalid_then_valid" time="0.111" /><testcase classname="backend.tests.test_iteration15_industry_statuses" name="test_migrate_invalid_lead_statuses" time="0.436" /><testcase classname="backend.tests.test_iteration15_industry_statuses" name="test_dashboard_funnel_industry_aware" time="0.061" /><testcase classname="backend.tests.test_iteration15_industry_statuses" name="test_dashboard_leaderboard_shape" time="0.062" /><testcase classname="backend.tests.test_iteration15_industry_statuses" name="test_dashboard_activity_feed" time="0.058" /><testcase classname="backend.tests.test_iteration15_industry_statuses" name="test_admissions_list_works" time="0.056" /><testcase classname="backend.tests.test_iteration15_industry_statuses" name="test_leads_list_works" time="0.063" /><testcase classname="backend.tests.test_iteration15_industry_statuses.TestDemoComplete" name="test_setup_demo" time="0.097" /><testcase classname="backend.tests.test_iteration15_industry_statuses.TestDemoComplete" name="test_demo_complete_invalid_lead_status" time="0.055" /><testcase classname="backend.tests.test_iteration15_industry_statuses.TestDemoComplete" name="test_demo_complete_valid_lead_status" time="0.053" /><testcase classname="backend.tests.test_iteration15_industry_statuses.TestFollowupComplete" name="test_setup_followup" time="0.100" /><testcase classname="backend.tests.test_iteration15_industry_statuses.TestFollowupComplete" name="test_followup_complete_invalid_then_valid" time="0.103" /></testsuite></testsuites>