<?xml version="1.0" encoding="utf-8"?><testsuites name="pytest tests"><testsuite name="pytest" errors="0" failures="1" skipped="1" tests="32" time="5.375" timestamp="2026-06-01T11:48:08.482913+00:00" hostname="agent-env-9605bbd3-008e-40f5-b272-c869384feb0f"><testcase classname="backend.tests.test_iteration14_health_check.TestAuth" name="test_admin_login_payload" time="0.461" /><testcase classname="backend.tests.test_iteration14_health_check.TestAuth" name="test_cookies_set_on_login" time="0.342" /><testcase classname="backend.tests.test_iteration14_health_check.TestAuth" name="test_auth_me_returns_features" time="0.057" /><testcase classname="backend.tests.test_iteration14_health_check.TestAuth" name="test_invalid_login" time="0.343" /><testcase classname="backend.tests.test_iteration14_health_check.TestAuth" name="test_logout_clears_cookie" time="0.049" /><testcase classname="backend.tests.test_iteration14_health_check.TestLeadsPagination" name="test_paginated_shape" time="0.397" /><testcase classname="backend.tests.test_iteration14_health_check.TestLeadsPagination" name="test_admin_creates_lead" time="0.179" /><testcase classname="backend.tests.test_iteration14_health_check.TestLeadsPagination" name="test_lead_empty_name_rejected" time="0.048"><failure message="AssertionError: expected 400/422 got 200: {&quot;lead_id&quot;:&quot;LEAD00006&quot;,&quot;name&quot;:&quot;&quot;,&quot;mobile&quot;:&quot;9579851569&quot;,&quot;whatsapp_number&quot;:null,&quot;email&quot;:null,&quot;course_interested&quot;:&quot;X&quot;,&quot;state&quot;:null,&quot;city&quot;:null,&quot;lead_source&quot;:&quot;Website&quot;,&quot;assigned_to&quot;:&quot;6a1d166d683963af7879f&#10;assert 200 in (400, 422)&#10; +  where 200 = &lt;Response [200]&gt;.status_code">backend/tests/test_iteration14_health_check.py:149: in test_lead_empty_name_rejected
    assert r.status_code in (400, 422), f"expected 400/422 got {r.status_code}: {r.text[:200]}"
E   AssertionError: expected 400/422 got 200: {"lead_id":"LEAD00006","name":"","mobile":"9579851569","whatsapp_number":null,"email":null,"course_interested":"X","state":null,"city":null,"lead_source":"Website","assigned_to":"6a1d166d683963af7879f
E   assert 200 in (400, 422)
E    +  where 200 = &lt;Response [200]&gt;.status_code</failure></testcase><testcase classname="backend.tests.test_iteration14_health_check.TestAssignmentRBAC" name="test_cannot_assign_to_manager" time="0.131" /><testcase classname="backend.tests.test_iteration14_health_check.TestAssignmentRBAC" name="test_cannot_assign_to_admin" time="0.098" /><testcase classname="backend.tests.test_iteration14_health_check.TestAssignmentRBAC" name="test_can_assign_to_counselor" time="0.187" /><testcase classname="backend.tests.test_iteration14_health_check.TestCounselorSelfAdd" name="test_counselor_creates_lead_self_assigned" time="1.527" /><testcase classname="backend.tests.test_iteration14_health_check.TestCounselorVisibilityRBAC" name="test_counselor_only_sees_own_leads" time="0.049" /><testcase classname="backend.tests.test_iteration14_health_check.TestCounselorVisibilityRBAC" name="test_counselor_dashboard_stats_scoped" time="0.053" /><testcase classname="backend.tests.test_iteration14_health_check.TestFollowups" name="test_followups_paginated[today]" time="0.051" /><testcase classname="backend.tests.test_iteration14_health_check.TestFollowups" name="test_followups_paginated[upcoming]" time="0.049" /><testcase classname="backend.tests.test_iteration14_health_check.TestFollowups" name="test_followups_paginated[missed]" time="0.047" /><testcase classname="backend.tests.test_iteration14_health_check.TestBadge" name="test_badge_count" time="0.045" /><testcase classname="backend.tests.test_iteration14_health_check.TestLocations" name="test_states_36" time="0.050" /><testcase classname="backend.tests.test_iteration14_health_check.TestLocations" name="test_wb_cities" time="0.050" /><testcase classname="backend.tests.test_iteration14_health_check.TestIndustryConfig" name="test_features[education-True-Counselling]" time="0.100" /><testcase classname="backend.tests.test_iteration14_health_check.TestIndustryConfig" name="test_features[it_software-True-Demos]" time="0.120" /><testcase classname="backend.tests.test_iteration14_health_check.TestIndustryConfig" name="test_features[real_estate-True-Site Visits]" time="0.088" /><testcase classname="backend.tests.test_iteration14_health_check.TestIndustryConfig" name="test_features[healthcare-True-Consultations]" time="0.104" /><testcase classname="backend.tests.test_iteration14_health_check.TestIndustryConfig" name="test_features[fitness-True-Trial Sessions]" time="0.101" /><testcase classname="backend.tests.test_iteration14_health_check.TestIndustryConfig" name="test_features[insurance-False-None]" time="0.129" /><testcase classname="backend.tests.test_iteration14_health_check.TestIndustryConfig" name="test_features[travel-False-None]" time="0.113" /><testcase classname="backend.tests.test_iteration14_health_check.TestIndustryConfig" name="test_features[retail-False-None]" time="0.120" /><testcase classname="backend.tests.test_iteration14_health_check.TestIndustryConfig" name="test_it_software_has_company_designation" time="0.000"><skipped type="pytest.skip" message="widget fields verified via Lead create response (company_name, designation keys present)">/app/backend/tests/test_iteration14_health_check.py:331: widget fields verified via Lead create response (company_name, designation keys present)</skipped></testcase><testcase classname="backend.tests.test_iteration14_health_check.TestSubscription" name="test_razorpay_config" time="0.045" /><testcase classname="backend.tests.test_iteration14_health_check.TestSubscription" name="test_my_orders" time="0.055" /><testcase classname="backend.tests.test_iteration14_health_check.TestAvatar" name="test_bad_mime_rejected" time="0.057" /></testsuite></testsuites>