<?xml version="1.0" encoding="utf-8"?><testsuites name="pytest tests"><testsuite name="pytest" errors="0" failures="0" skipped="0" tests="35" time="3.949" timestamp="2026-06-02T04:25:09.995382+00:00" hostname="agent-env-9605bbd3-008e-40f5-b272-c869384feb0f"><testcase classname="backend.tests.test_iteration16_deploy_regression.TestAuthLogin" name="test_login_payload_shape[super_admin]" time="1.526" /><testcase classname="backend.tests.test_iteration16_deploy_regression.TestAuthLogin" name="test_login_payload_shape[org_admin]" time="0.000" /><testcase classname="backend.tests.test_iteration16_deploy_regression.TestAuthLogin" name="test_login_payload_shape[counselor]" time="0.000" /><testcase classname="backend.tests.test_iteration16_deploy_regression.TestAuthLogin" name="test_login_payload_shape[telecaller]" time="0.000" /><testcase classname="backend.tests.test_iteration16_deploy_regression.TestAuthRefresh" name="test_refresh_with_valid_cookie" time="0.058" /><testcase classname="backend.tests.test_iteration16_deploy_regression.TestTimezone" name="test_get_timezone" time="0.060" /><testcase classname="backend.tests.test_iteration16_deploy_regression.TestTimezone" name="test_put_valid_timezone" time="0.058" /><testcase classname="backend.tests.test_iteration16_deploy_regression.TestTimezone" name="test_put_invalid_timezone" time="0.054" /><testcase classname="backend.tests.test_iteration16_deploy_regression.TestTimezone" name="test_restore_timezone_kolkata" time="0.055" /><testcase classname="backend.tests.test_iteration16_deploy_regression.TestTimezone" name="test_timezone_admin_only" time="0.048" /><testcase classname="backend.tests.test_iteration16_deploy_regression.TestLeadStatuses" name="test_get_lead_statuses" time="0.055" /><testcase classname="backend.tests.test_iteration16_deploy_regression.TestLeadStatuses" name="test_put_lead_statuses_must_include_in_use" time="0.397" /><testcase classname="backend.tests.test_iteration16_deploy_regression.TestLeadStatuses" name="test_put_lead_statuses_missing_in_use_rejects" time="0.052" /><testcase classname="backend.tests.test_iteration16_deploy_regression.TestLeadStatuses" name="test_reset_lead_statuses" time="0.112" /><testcase classname="backend.tests.test_iteration16_deploy_regression.TestLeadStatuses" name="test_lead_statuses_admin_only" time="0.046" /><testcase classname="backend.tests.test_iteration16_deploy_regression.TestLeadCreateUpdate" name="test_create_lead_no_course" time="0.060" /><testcase classname="backend.tests.test_iteration16_deploy_regression.TestLeadCreateUpdate" name="test_create_lead_invalid_status" time="0.056" /><testcase classname="backend.tests.test_iteration16_deploy_regression.TestLeadCreateUpdate" name="test_update_lead_invalid_status" time="0.058" /><testcase classname="backend.tests.test_iteration16_deploy_regression.TestLeadCreateUpdate" name="test_update_lead_valid_status" time="0.094" /><testcase classname="backend.tests.test_iteration16_deploy_regression.TestLeadCreateUpdate" name="test_update_lead_course_interested_later" time="0.055" /><testcase classname="backend.tests.test_iteration16_deploy_regression.TestLeadTimeline" name="test_timeline_utc_suffix" time="0.057" /><testcase classname="backend.tests.test_iteration16_deploy_regression.TestStatusGuards" name="test_log_call_invalid_status" time="0.062" /><testcase classname="backend.tests.test_iteration16_deploy_regression.TestTasksRBAC" name="test_telecaller_sees_task_they_created" time="0.099" /><testcase classname="backend.tests.test_iteration16_deploy_regression.TestTasksRBAC" name="test_orgadmin_updates_task" time="0.053" /><testcase classname="backend.tests.test_iteration16_deploy_regression.TestTasksRBAC" name="test_telecaller_sees_status_change" time="0.051" /><testcase classname="backend.tests.test_iteration16_deploy_regression.TestTasksRBAC" name="test_creator_notified" time="0.051" /><testcase classname="backend.tests.test_iteration16_deploy_regression.TestDashboard" name="test_funnel_education" time="0.058" /><testcase classname="backend.tests.test_iteration16_deploy_regression.TestDashboard" name="test_leaderboard" time="0.058" /><testcase classname="backend.tests.test_iteration16_deploy_regression.TestDashboard" name="test_activity_feed" time="0.061" /><testcase classname="backend.tests.test_iteration16_deploy_regression.TestPlatformWipe" name="test_data_counts" time="0.112" /><testcase classname="backend.tests.test_iteration16_deploy_regression.TestPlatformWipe" name="test_wipe_invalid_section" time="0.103" /><testcase classname="backend.tests.test_iteration16_deploy_regression.TestPlatformWipe" name="test_wipe_wrong_confirm_token" time="0.104" /><testcase classname="backend.tests.test_iteration16_deploy_regression.TestPlatformWipe" name="test_wipe_invalid_org_id" time="0.051" /><testcase classname="backend.tests.test_iteration16_deploy_regression.TestPlatformWipe" name="test_wipe_admin_only" time="0.048" /><testcase classname="backend.tests.test_iteration16_deploy_regression.TestAdmissions" name="test_get_admissions" time="0.054" /></testsuite></testsuites>