<?xml version="1.0" encoding="utf-8"?><testsuites name="pytest tests"><testsuite name="pytest" errors="0" failures="1" skipped="0" tests="19" time="4.043" timestamp="2026-05-31T10:59:10.630867+00:00" hostname="agent-env-9605bbd3-008e-40f5-b272-c869384feb0f"><testcase classname="backend.tests.test_lead_distribution_phase7.TestStrictVisibility" name="test_counselor_sees_only_own_leads" time="0.995" /><testcase classname="backend.tests.test_lead_distribution_phase7.TestStrictVisibility" name="test_telecaller_sees_only_own_leads" time="0.401" /><testcase classname="backend.tests.test_lead_distribution_phase7.TestStrictVisibility" name="test_org_admin_sees_all" time="0.100" /><testcase classname="backend.tests.test_lead_distribution_phase7.TestStrictVisibility" name="test_manager_sees_all" time="0.375" /><testcase classname="backend.tests.test_lead_distribution_phase7.TestStrictVisibility" name="test_counselor_cannot_view_non_owned_lead" time="0.095" /><testcase classname="backend.tests.test_lead_distribution_phase7.TestStrictVisibility" name="test_counselor_cannot_view_non_owned_timeline" time="0.097" /><testcase classname="backend.tests.test_lead_distribution_phase7.TestRoundRobin" name="test_six_leads_split_three_three" time="0.289" /><testcase classname="backend.tests.test_lead_distribution_phase7.TestRoundRobin" name="test_explicit_assignee_wins_over_round_robin" time="0.094" /><testcase classname="backend.tests.test_lead_distribution_phase7.TestCsvFlows" name="test_csv_sample_download" time="0.049"><failure message="AssertionError: Internal Server Error&#10;assert 500 == 200&#10; +  where 500 = &lt;Response [500]&gt;.status_code">backend/tests/test_lead_distribution_phase7.py:198: in test_csv_sample_download
    assert r.status_code == 200, r.text
E   AssertionError: Internal Server Error
E   assert 500 == 200
E    +  where 500 = &lt;Response [500]&gt;.status_code</failure></testcase><testcase classname="backend.tests.test_lead_distribution_phase7.TestCsvFlows" name="test_csv_import_skips_duplicates_and_distributes" time="0.154" /><testcase classname="backend.tests.test_lead_distribution_phase7.TestWidget" name="test_widget_creates_lead_and_timeline" time="0.271" /><testcase classname="backend.tests.test_lead_distribution_phase7.TestWidget" name="test_widget_duplicate_mobile_returns_success_without_creating" time="0.260" /><testcase classname="backend.tests.test_lead_distribution_phase7.TestIntegrations" name="test_counselor_get_integrations_forbidden" time="0.048" /><testcase classname="backend.tests.test_lead_distribution_phase7.TestIntegrations" name="test_put_then_get_masks_key_secret" time="0.115" /><testcase classname="backend.tests.test_lead_distribution_phase7.TestIntegrations" name="test_partial_update_preserves_other_providers" time="0.093" /><testcase classname="backend.tests.test_lead_distribution_phase7.TestIntegrations" name="test_masked_echo_does_not_overwrite_secret" time="0.143" /><testcase classname="backend.tests.test_lead_distribution_phase7.TestIntegrations" name="test_auto_assign_disabled_leaves_lead_unassigned" time="0.141" /><testcase classname="backend.tests.test_lead_distribution_phase7.TestDemoTimelineLead" name="test_demo_lead_seeded_with_ten_events" time="0.103" /><testcase classname="backend.tests.test_lead_distribution_phase7.TestTodayFollowups" name="test_counselor_only_own_followups" time="0.095" /></testsuite></testsuites>