<?xml version="1.0" encoding="utf-8"?><testsuites name="pytest tests"><testsuite name="pytest" errors="0" failures="2" skipped="1" tests="27" time="14.419" timestamp="2026-06-01T02:54:40.960592+00:00" hostname="agent-env-9605bbd3-008e-40f5-b272-c869384feb0f"><testcase classname="backend.tests.test_iteration11_security.TestImpersonation" name="test_super_admin_can_impersonate" time="0.893" /><testcase classname="backend.tests.test_iteration11_security.TestImpersonation" name="test_impersonation_auth_me_flags" time="0.475" /><testcase classname="backend.tests.test_iteration11_security.TestImpersonation" name="test_non_super_admin_cannot_impersonate" time="0.382" /><testcase classname="backend.tests.test_iteration11_security.TestImpersonation" name="test_manager_cannot_impersonate" time="0.377" /><testcase classname="backend.tests.test_iteration11_security.TestImpersonation" name="test_invalid_org_id_returns_400" time="0.382" /><testcase classname="backend.tests.test_iteration11_security.TestImpersonation" name="test_nonexistent_org_returns_404" time="0.369" /><testcase classname="backend.tests.test_iteration11_security.TestImpersonation" name="test_impersonation_creates_audit_log" time="0.481" /><testcase classname="backend.tests.test_iteration11_security.TestAssignLeadAuthorization" name="test_counselor_cannot_assign" time="0.535" /><testcase classname="backend.tests.test_iteration11_security.TestAssignLeadAuthorization" name="test_telecaller_cannot_assign" time="0.396" /><testcase classname="backend.tests.test_iteration11_security.TestAssignLeadAuthorization" name="test_manager_can_assign" time="0.094" /><testcase classname="backend.tests.test_iteration11_security.TestAssignLeadAuthorization" name="test_org_admin_can_assign" time="0.054" /><testcase classname="backend.tests.test_iteration11_security.TestAssignLeadAuthorization" name="test_invalid_assignee_objectid_returns_400" time="0.049" /><testcase classname="backend.tests.test_iteration11_security.TestAssignLeadAuthorization" name="test_nonexistent_assignee_returns_400" time="0.049" /><testcase classname="backend.tests.test_iteration11_security.TestAssignLeadAuthorization" name="test_cross_tenant_assignment_blocked" time="0.543"><skipped type="pytest.skip" message="platform users endpoint unavailable for cross-tenant test">/app/backend/tests/test_iteration11_security.py:285: platform users endpoint unavailable for cross-tenant test</skipped></testcase><testcase classname="backend.tests.test_iteration11_security.TestAuthRateLimits" name="test_login_rate_limit_10_per_minute" time="1.523" /><testcase classname="backend.tests.test_iteration11_security.TestAuthRateLimits" name="test_forgot_password_rate_limit_3_per_minute" time="0.643" /><testcase classname="backend.tests.test_iteration11_security.TestAuthRateLimits" name="test_reset_password_rate_limit_5_per_minute" time="0.834" /><testcase classname="backend.tests.test_iteration11_security.TestWidgetRateLimit" name="test_widget_submit_30_per_minute" time="3.813" /><testcase classname="backend.tests.test_iteration11_security.TestBruteForce" name="test_brute_force_returns_429_not_500" time="0.865" /><testcase classname="backend.tests.test_iteration11_security.TestCORS" name="test_cors_not_wildcard_with_credentials" time="0.066" /><testcase classname="backend.tests.test_iteration11_security.TestForgotPasswordNoLeak" name="test_generic_response_for_existing_email" time="0.171"><failure message="assert 500 == 200&#10; +  where 500 = &lt;Response [500]&gt;.status_code">E   assert 500 == 200
     +  where 500 = &lt;Response [500]&gt;.status_code</failure></testcase><testcase classname="backend.tests.test_iteration11_security.TestForgotPasswordNoLeak" name="test_generic_response_for_unknown_email" time="0.107"><failure message="AssertionError: Internal Server Error&#10;assert 500 == 200&#10; +  where 500 = &lt;Response [500]&gt;.status_code">E   AssertionError: Internal Server Error
    assert 500 == 200
     +  where 500 = &lt;Response [500]&gt;.status_code</failure></testcase><testcase classname="backend.tests.test_iteration11_security.TestRazorpayWebhook" name="test_bad_signature_returns_400" time="0.100" /><testcase classname="backend.tests.test_iteration11_security.TestJWTRotation" name="test_old_token_rejected" time="0.106" /><testcase classname="backend.tests.test_iteration11_security.TestJWTRotation" name="test_new_login_works" time="0.392" /><testcase classname="backend.tests.test_iteration11_security.TestAuthRegression" name="test_login_logout_me_refresh" time="0.552" /><testcase classname="backend.tests.test_iteration11_security.TestAuthRegression" name="test_role_check_counselor_blocked_from_platform" time="0.061" /></testsuite></testsuites>