<?xml version="1.0" encoding="utf-8"?><testsuites name="pytest tests"><testsuite name="pytest" errors="0" failures="0" skipped="0" tests="17" time="2.447" timestamp="2026-05-31T15:00:41.586735+00:00" hostname="agent-env-9605bbd3-008e-40f5-b272-c869384feb0f"><testcase classname="backend.tests.test_iteration10_qa.TestOnboarding" name="test_state_returns_payload" time="0.446" /><testcase classname="backend.tests.test_iteration10_qa.TestOnboarding" name="test_reset_then_state_shows_wizard" time="0.132" /><testcase classname="backend.tests.test_iteration10_qa.TestOnboarding" name="test_advance_step" time="0.061" /><testcase classname="backend.tests.test_iteration10_qa.TestOnboarding" name="test_skip_then_state" time="0.118" /><testcase classname="backend.tests.test_iteration10_qa.TestOnboarding" name="test_reset_again_for_clean_state" time="0.055" /><testcase classname="backend.tests.test_iteration10_qa.TestOnboarding" name="test_counselor_state_403_or_empty" time="0.384" /><testcase classname="backend.tests.test_iteration10_qa.TestOnboarding" name="test_counselor_advance_403" time="0.052" /><testcase classname="backend.tests.test_iteration10_qa.TestOnboarding" name="test_counselor_skip_403" time="0.052" /><testcase classname="backend.tests.test_iteration10_qa.TestOnboarding" name="test_counselor_reset_403" time="0.052" /><testcase classname="backend.tests.test_iteration10_qa.TestReports" name="test_total_summary" time="0.065" /><testcase classname="backend.tests.test_iteration10_qa.TestReports" name="test_by_caller" time="0.076" /><testcase classname="backend.tests.test_iteration10_qa.TestReports" name="test_by_manager" time="0.064" /><testcase classname="backend.tests.test_iteration10_qa.TestReports" name="test_counselor_total_summary_403" time="0.058" /><testcase classname="backend.tests.test_iteration10_qa.TestReports" name="test_counselor_by_caller_403" time="0.051" /><testcase classname="backend.tests.test_iteration10_qa.TestReports" name="test_counselor_by_manager_403" time="0.051" /><testcase classname="backend.tests.test_iteration10_qa.TestUsersReportsTo" name="test_list_users_includes_reports_to" time="0.062" /><testcase classname="backend.tests.test_iteration10_qa.TestUsersReportsTo" name="test_create_user_with_reports_to" time="0.600" /></testsuite></testsuites>