<?xml version="1.0" encoding="utf-8"?><testsuites name="pytest tests"><testsuite name="pytest" errors="0" failures="1" skipped="0" tests="25" time="8.079" timestamp="2026-05-31T07:45:32.310815+00:00" hostname="agent-env-9605bbd3-008e-40f5-b272-c869384feb0f"><testcase classname="backend.tests.backend_test.TestAuth" name="test_login_success" time="0.462" /><testcase classname="backend.tests.backend_test.TestAuth" name="test_login_invalid" time="0.342" /><testcase classname="backend.tests.backend_test.TestAuth" name="test_me_unauthenticated" time="0.142" /><testcase classname="backend.tests.backend_test.TestAuth" name="test_register_creates_org_admin" time="0.376" /><testcase classname="backend.tests.backend_test.TestAuth" name="test_register_duplicate_email" time="0.116" /><testcase classname="backend.tests.backend_test.TestAuth" name="test_forgot_password_returns_generic" time="0.100" /><testcase classname="backend.tests.backend_test.TestAuth" name="test_reset_password_invalid_token" time="0.102" /><testcase classname="backend.tests.backend_test.TestAuth" name="test_logout_clears_cookies" time="0.397" /><testcase classname="backend.tests.backend_test.TestDashboard" name="test_stats" time="0.050" /><testcase classname="backend.tests.backend_test.TestDashboard" name="test_lead_sources_chart" time="0.048" /><testcase classname="backend.tests.backend_test.TestDashboard" name="test_monthly_trend" time="0.049" /><testcase classname="backend.tests.backend_test.TestLeads" name="test_lead_crud" time="0.420" /><testcase classname="backend.tests.backend_test.TestFollowups" name="test_followup_flow" time="0.193" /><testcase classname="backend.tests.backend_test.TestAdmissions" name="test_admission_create_and_list" time="0.107" /><testcase classname="backend.tests.backend_test.TestTasks" name="test_task_crud" time="0.209" /><testcase classname="backend.tests.backend_test.TestLeadSources" name="test_create_and_list" time="0.097" /><testcase classname="backend.tests.backend_test.TestUsers" name="test_user_crud" time="0.442" /><testcase classname="backend.tests.backend_test.TestOrganization" name="test_get_and_update" time="0.138" /><testcase classname="backend.tests.backend_test.TestSubscriptions" name="test_plans_listed" time="0.101" /><testcase classname="backend.tests.backend_test.TestSubscriptions" name="test_create_order_validates" time="0.048" /><testcase classname="backend.tests.backend_test.TestReports" name="test_lead_summary" time="0.049" /><testcase classname="backend.tests.backend_test.TestReports" name="test_revenue" time="0.049" /><testcase classname="backend.tests.backend_test.TestTenantIsolation" name="test_org_isolation" time="0.791" /><testcase classname="backend.tests.backend_test.TestRoleBased" name="test_counselor_cannot_create_user" time="0.836" /><testcase classname="backend.tests.backend_test.TestBruteForce" name="test_lockout_after_5_failures" time="2.300"><failure message="AssertionError: Expected 429 lockout, got 401: {&quot;detail&quot;:&quot;Invalid email or password&quot;}&#10;assert 401 == 429&#10; +  where 401 = &lt;Response [401]&gt;.status_code">backend/tests/backend_test.py:399: in test_lockout_after_5_failures
    assert r.status_code == 429, f"Expected 429 lockout, got {r.status_code}: {r.text}"
E   AssertionError: Expected 429 lockout, got 401: {"detail":"Invalid email or password"}
E   assert 401 == 429
E    +  where 401 = &lt;Response [401]&gt;.status_code</failure></testcase></testsuite></testsuites>